<?xml version="1.0" encoding="UTF-8"?>
<testng-results ignored="0" total="1" passed="0" failed="1" skipped="0">
  <reporter-output>
  </reporter-output>
  <suite started-at="2025-02-17T07:35:32Z" name="Default suite" finished-at="2025-02-17T07:35:36Z" duration-ms="4137">
    <groups>
    </groups>
    <test started-at="2025-02-17T07:35:32Z" name="Default test" finished-at="2025-02-17T07:35:36Z" duration-ms="4137">
      <class name="com.TestNGProgram.CreateOrganization">
        <test-method is-config="true" signature="configBS()[pri:0, instance:com.TestNGProgram.CreateOrganization@33ecda92]" started-at="2025-02-17T07:35:32Z" name="configBS" finished-at="2025-02-17T07:35:32Z" duration-ms="125" status="PASS">
          <reporter-output>
          </reporter-output>
        </test-method> <!-- configBS -->
        <test-method is-config="true" signature="ConfigBC()[pri:0, instance:com.TestNGProgram.CreateOrganization@33ecda92]" started-at="2025-02-17T07:35:32Z" name="ConfigBC" finished-at="2025-02-17T07:35:34Z" duration-ms="1715" status="PASS">
          <reporter-output>
          </reporter-output>
        </test-method> <!-- ConfigBC -->
        <test-method is-config="true" signature="ConfigBM()[pri:0, instance:com.TestNGProgram.CreateOrganization@33ecda92]" started-at="2025-02-17T07:35:34Z" name="ConfigBM" finished-at="2025-02-17T07:35:36Z" duration-ms="1864" status="PASS">
          <reporter-output>
          </reporter-output>
        </test-method> <!-- ConfigBM -->
        <test-method signature="Createorg()[pri:0, instance:com.TestNGProgram.CreateOrganization@33ecda92]" started-at="2025-02-17T07:35:36Z" name="Createorg" finished-at="2025-02-17T07:35:36Z" duration-ms="9" status="FAIL">
          <exception class="java.lang.NullPointerException">
            <message>
              <![CDATA[Cannot invoke "com.aventstack.extentreports.ExtentTest.log(com.aventstack.extentreports.Status, String)" because the return value of "genericWebDriverUtility.UtilityClassObject.getTest()" is null]]>
            </message>
            <full-stacktrace>
              <![CDATA[java.lang.NullPointerException: Cannot invoke "com.aventstack.extentreports.ExtentTest.log(com.aventstack.extentreports.Status, String)" because the return value of "genericWebDriverUtility.UtilityClassObject.getTest()" is null
at com.TestNGProgram.CreateOrganization.Createorg(CreateOrganization.java:26)
at java.base/jdk.internal.reflect.DirectMethodHandleAccessor.invoke(DirectMethodHandleAccessor.java:103)
at java.base/java.lang.reflect.Method.invoke(Method.java:580)
at org.testng.internal.MethodInvocationHelper.invokeMethod(MethodInvocationHelper.java:124)
at org.testng.internal.Invoker.invokeMethod(Invoker.java:583)
at org.testng.internal.Invoker.invokeTestMethod(Invoker.java:719)
at org.testng.internal.Invoker.invokeTestMethods(Invoker.java:989)
at org.testng.internal.TestMethodWorker.invokeTestMethods(TestMethodWorker.java:125)
at org.testng.internal.TestMethodWorker.run(TestMethodWorker.java:109)
at org.testng.TestRunner.privateRun(TestRunner.java:648)
at org.testng.TestRunner.run(TestRunner.java:505)
at org.testng.SuiteRunner.runTest(SuiteRunner.java:455)
at org.testng.SuiteRunner.runSequentially(SuiteRunner.java:450)
at org.testng.SuiteRunner.privateRun(SuiteRunner.java:415)
at org.testng.SuiteRunner.run(SuiteRunner.java:364)
at org.testng.SuiteRunnerWorker.runSuite(SuiteRunnerWorker.java:52)
at org.testng.SuiteRunnerWorker.run(SuiteRunnerWorker.java:84)
at org.testng.TestNG.runSuitesSequentially(TestNG.java:1208)
at org.testng.TestNG.runSuitesLocally(TestNG.java:1137)
at org.testng.TestNG.runSuites(TestNG.java:1049)
at org.testng.TestNG.run(TestNG.java:1017)
at org.testng.remote.AbstractRemoteTestNG.run(AbstractRemoteTestNG.java:115)
at org.testng.remote.RemoteTestNG.initAndRun(RemoteTestNG.java:293)
at org.testng.remote.RemoteTestNG.main(RemoteTestNG.java:91)
]]>
            </full-stacktrace>
          </exception> <!-- java.lang.NullPointerException -->
          <reporter-output>
          </reporter-output>
        </test-method> <!-- Createorg -->
        <test-method is-config="true" signature="ConfigAM()[pri:0, instance:com.TestNGProgram.CreateOrganization@33ecda92]" started-at="2025-02-17T07:35:36Z" name="ConfigAM" finished-at="2025-02-17T07:35:36Z" duration-ms="341" status="PASS">
          <reporter-output>
          </reporter-output>
        </test-method> <!-- ConfigAM -->
        <test-method is-config="true" signature="ConfigAC()[pri:0, instance:com.TestNGProgram.CreateOrganization@33ecda92]" started-at="2025-02-17T07:35:36Z" name="ConfigAC" finished-at="2025-02-17T07:35:36Z" duration-ms="192" status="PASS">
          <reporter-output>
          </reporter-output>
        </test-method> <!-- ConfigAC -->
      </class> <!-- com.TestNGProgram.CreateOrganization -->
    </test> <!-- Default test -->
  </suite> <!-- Default suite -->
</testng-results>
