<?xml version="1.0" encoding="UTF-8"?>
<!-- Generated by org.testng.reporters.JUnitXMLReporter -->
<testsuite ignored="0" hostname="MSI" failures="0" tests="3" name="Test1" time="12.416" errors="0" timestamp="12 Feb 2025 11:32:01 GMT">
  <testcase classname="com.ExecutionBGP.PractiseSample" name="Samplemethod4" time="0.011"/>
  <testcase classname="com.ExecutionBGP.PractiseSample" name="Samplemethod5" time="0.002"/>
  <testcase classname="com.ExecutionBGP.PractiseSample" name="Samplemethod6" time="0.002"/>
</testsuite> <!-- Test1 -->
